[ERROR] [16:19:11,811] Can't provide location of project: Sandbox at com.parasoft.ptest.common.variables.ProjectLocationsResolver.resolveProject(ProjectLocationsResolver.java:71)
[ERROR] [16:19:11,820] Can't provide location of project: Sandbox at com.parasoft.ptest.common.variables.ProjectLocationsResolver.resolveProject(ProjectLocationsResolver.java:71)
[ERROR] [16:19:16,560] Can't provide location of project: Sandbox at com.parasoft.ptest.common.variables.ProjectLocationsResolver.resolveProject(ProjectLocationsResolver.java:71)
[ERROR] [16:19:16,563] Can't provide location of project: Sandbox at com.parasoft.ptest.common.variables.ProjectLocationsResolver.resolveProject(ProjectLocationsResolver.java:71)
[ERROR] [16:20:05,877] Invalid execution time map - no data for 2136694947478615421
	at com.parasoft.ptest.results.api.internal.XtestLastRunManager.getFunctionalTestTimeInfo(XtestLastRunManager.java:94)
	at com.parasoft.ptest.testcases.web.adapters.UXtestFunctionalTestResultCreator.createFunctionalTestResult(UXtestFunctionalTestResultCreator.java:99)
	at com.parasoft.ptest.execution.api.web.violations.WebFunctionalTestViolation.createResult(WebFunctionalTestViolation.java:513)
	at com.parasoft.ptest.execution.api.web.violations.WebFunctionalTestViolation.getXtestResults(WebFunctionalTestViolation.java:526)
	at com.parasoft.ptest.results.api.internal.XtestLastRunManager.lambda$0(XtestLastRunManager.java:65)
	at java.base/java.util.stream.ReferencePipeline$7$1.accept(ReferencePipeline.java:273)
	at java.base/java.util.ArrayList$ArrayListSpliterator.forEachRemaining(ArrayList.java:1708)
	at java.base/java.util.stream.AbstractPipeline.copyInto(AbstractPipeline.java:509)
	at java.base/java.util.stream.AbstractPipeline.wrapAndCopyInto(AbstractPipeline.java:499)
	at java.base/java.util.stream.ReduceOps$ReduceOp.evaluateSequential(ReduceOps.java:921)
	at java.base/java.util.stream.AbstractPipeline.evaluate(AbstractPipeline.java:234)
	at java.base/java.util.stream.ReferencePipeline.collect(ReferencePipeline.java:682)
	at com.parasoft.ptest.results.api.internal.XtestLastRunManager.getResults(XtestLastRunManager.java:65)
	at com.parasoft.ptest.results.api.internal.SessionManager.getResultsList(SessionManager.java:705)
	at com.parasoft.ptest.checkers.api.run.ResultsTelemetryDataCollector.fillScopeDetails(ResultsTelemetryDataCollector.java:181)
	at com.parasoft.ptest.checkers.api.run.ResultsTelemetryDataCollector.<init>(ResultsTelemetryDataCollector.java:91)
	at com.parasoft.ptest.checkers.api.run.ConfigRunner.runConfig(ConfigRunner.java:255)
	at com.parasoft.ptest.checkers.api.run.ConfigRunner.runConfig(ConfigRunner.java:316)
	at com.parasoft.ptest.checkers.eclipse.ui.CheckerUIUtil$ConfigRunnableJob.run(CheckerUIUtil.java:424)
	at org.eclipse.core.internal.jobs.Worker.run(Worker.java:63)
 at com.parasoft.ptest.results.api.internal.XtestLastRunManager.getFunctionalTestTimeInfo(XtestLastRunManager.java:94)
